f:\f\programmes\vs2015\pilotcontroller\pilotcontroller\x64\debug\vc140.pdb
f:\f\programmes\vs2015\pilotcontroller\pilotcontroller\x64\debug\vc140.idb
f:\f\programmes\vs2015\pilotcontroller\pilotcontroller\x64\debug\netmath.obj
f:\f\programmes\vs2015\pilotcontroller\pilotcontroller\x64\debug\network.obj
f:\f\programmes\vs2015\pilotcontroller\pilotcontroller\x64\debug\neurone.obj
f:\f\programmes\vs2015\pilotcontroller\x64\debug\pilotcontroller.ilk
f:\f\programmes\vs2015\pilotcontroller\x64\debug\pilotcontroller.exe
f:\f\programmes\vs2015\pilotcontroller\x64\debug\pilotcontroller.pdb
f:\f\programmes\vs2015\pilotcontroller\pilotcontroller\x64\debug\commandmodelinterface.res
f:\f\programmes\vs2015\pilotcontroller\pilotcontroller\x64\debug\kernel.cu.cache
f:\f\programmes\vs2015\pilotcontroller\pilotcontroller\x64\debug\kernels.cu.cache
f:\f\programmes\vs2015\pilotcontroller\pilotcontroller\x64\debug\kernel.cu.obj
f:\f\programmes\vs2015\pilotcontroller\pilotcontroller\x64\debug\kernels.cu.obj
f:\f\programmes\vs2015\pilotcontroller\pilotcontroller\x64\debug\pilotcontroller.tlog\cl.command.1.tlog
f:\f\programmes\vs2015\pilotcontroller\pilotcontroller\x64\debug\pilotcontroller.tlog\cl.read.1.tlog
f:\f\programmes\vs2015\pilotcontroller\pilotcontroller\x64\debug\pilotcontroller.tlog\cl.write.1.tlog
f:\f\programmes\vs2015\pilotcontroller\pilotcontroller\x64\debug\pilotcontroller.tlog\link.command.1.tlog
f:\f\programmes\vs2015\pilotcontroller\pilotcontroller\x64\debug\pilotcontroller.tlog\link.read.1.tlog
f:\f\programmes\vs2015\pilotcontroller\pilotcontroller\x64\debug\pilotcontroller.tlog\link.write.1.tlog
f:\f\programmes\vs2015\pilotcontroller\pilotcontroller\x64\debug\pilotcontroller.tlog\rc.command.1.tlog
f:\f\programmes\vs2015\pilotcontroller\pilotcontroller\x64\debug\pilotcontroller.tlog\rc.read.1.tlog
f:\f\programmes\vs2015\pilotcontroller\pilotcontroller\x64\debug\pilotcontroller.tlog\rc.write.1.tlog
